<?xml version="1.0" encoding="UTF-8"?>
<!DOCTYPE workflow PUBLIC "-//OpenSymphony Group//DTD OSWorkflow 2.8//EN" "http://www.opensymphony.com/osworkflow/workflow_2_8.dtd">
<workflow>
  <meta name="jira.description">测试用例工作流</meta>
  <meta name="jira.update.author.key">liujun</meta>
  <meta name="jira.updated.date">1578537766101</meta>
  <initial-actions>
    <action id="1" name="Create Issue">
      <meta name="opsbar-sequence">0</meta>
      <meta name="jira.i18n.title">common.forms.create</meta>
      <validators>
        <validator name="" type="class">
          <arg name="permission">Create Issue</arg>
          <arg name="class.name">com.atlassian.jira.workflow.validator.PermissionValidator</arg>
        </validator>
      </validators>
      <results>
        <unconditional-result old-status="Finished" status="Open" step="8">
          <post-functions>
            <function type="class">
              <arg name="class.name">com.atlassian.jira.workflow.function.issue.IssueCreateFunction</arg>
            </function>
            <function type="class">
              <arg name="eventTypeId">1</arg>
              <arg name="class.name">com.atlassian.jira.workflow.function.event.FireIssueEventFunction</arg>
            </function>
          </post-functions>
        </unconditional-result>
      </results>
    </action>
  </initial-actions>
  <steps>
    <step id="8" name="OPEN">
      <meta name="jira.status.id">10101</meta>
      <actions>
        <action id="751" name="开始处理">
          <meta name="jira.description"></meta>
          <meta name="jira.fieldscreen.id"></meta>
          <results>
            <unconditional-result old-status="null" status="null" step="14">
              <post-functions>
                <function type="class">
                  <arg name="class.name">com.atlassian.jira.workflow.function.issue.UpdateIssueStatusFunction</arg>
                </function>
                <function type="class">
                  <arg name="class.name">com.atlassian.jira.workflow.function.misc.CreateCommentFunction</arg>
                </function>
                <function type="class">
                  <arg name="class.name">com.atlassian.jira.workflow.function.issue.GenerateChangeHistoryFunction</arg>
                </function>
                <function type="class">
                  <arg name="class.name">com.atlassian.jira.workflow.function.issue.IssueReindexFunction</arg>
                </function>
                <function type="class">
                  <arg name="eventTypeId">13</arg>
                  <arg name="class.name">com.atlassian.jira.workflow.function.event.FireIssueEventFunction</arg>
                </function>
              </post-functions>
            </unconditional-result>
          </results>
        </action>
      </actions>
    </step>
    <step id="11" name="CLOSE">
      <meta name="jira.status.id">10202</meta>
    </step>
    <step id="14" name="TEST-CASE DESIGN">
      <meta name="jira.status.id">10205</meta>
      <actions>
        <action id="761" name="开始评审">
          <meta name="jira.description"></meta>
          <meta name="jira.fieldscreen.id"></meta>
          <results>
            <unconditional-result old-status="null" status="null" step="15">
              <post-functions>
                <function type="class">
                  <arg name="class.name">com.atlassian.jira.workflow.function.issue.UpdateIssueStatusFunction</arg>
                </function>
                <function type="class">
                  <arg name="class.name">com.atlassian.jira.workflow.function.misc.CreateCommentFunction</arg>
                </function>
                <function type="class">
                  <arg name="class.name">com.atlassian.jira.workflow.function.issue.GenerateChangeHistoryFunction</arg>
                </function>
                <function type="class">
                  <arg name="class.name">com.atlassian.jira.workflow.function.issue.IssueReindexFunction</arg>
                </function>
                <function type="class">
                  <arg name="eventTypeId">13</arg>
                  <arg name="class.name">com.atlassian.jira.workflow.function.event.FireIssueEventFunction</arg>
                </function>
              </post-functions>
            </unconditional-result>
          </results>
        </action>
      </actions>
    </step>
    <step id="15" name="TEST-CASE REVIEW">
      <meta name="jira.status.id">10206</meta>
      <actions>
        <action id="771" name="重新设计">
          <meta name="jira.description"></meta>
          <meta name="jira.fieldscreen.id"></meta>
          <results>
            <unconditional-result old-status="null" status="null" step="14">
              <post-functions>
                <function type="class">
                  <arg name="class.name">com.atlassian.jira.workflow.function.issue.UpdateIssueStatusFunction</arg>
                </function>
                <function type="class">
                  <arg name="class.name">com.atlassian.jira.workflow.function.misc.CreateCommentFunction</arg>
                </function>
                <function type="class">
                  <arg name="class.name">com.atlassian.jira.workflow.function.issue.GenerateChangeHistoryFunction</arg>
                </function>
                <function type="class">
                  <arg name="class.name">com.atlassian.jira.workflow.function.issue.IssueReindexFunction</arg>
                </function>
                <function type="class">
                  <arg name="eventTypeId">13</arg>
                  <arg name="class.name">com.atlassian.jira.workflow.function.event.FireIssueEventFunction</arg>
                </function>
              </post-functions>
            </unconditional-result>
          </results>
        </action>
        <action id="781" name="处理完成">
          <meta name="jira.description"></meta>
          <meta name="jira.fieldscreen.id"></meta>
          <results>
            <unconditional-result old-status="null" status="null" step="11">
              <post-functions>
                <function type="class">
                  <arg name="class.name">com.atlassian.jira.workflow.function.issue.UpdateIssueStatusFunction</arg>
                </function>
                <function type="class">
                  <arg name="class.name">com.atlassian.jira.workflow.function.misc.CreateCommentFunction</arg>
                </function>
                <function type="class">
                  <arg name="class.name">com.atlassian.jira.workflow.function.issue.GenerateChangeHistoryFunction</arg>
                </function>
                <function type="class">
                  <arg name="class.name">com.atlassian.jira.workflow.function.issue.IssueReindexFunction</arg>
                </function>
                <function type="class">
                  <arg name="eventTypeId">13</arg>
                  <arg name="class.name">com.atlassian.jira.workflow.function.event.FireIssueEventFunction</arg>
                </function>
              </post-functions>
            </unconditional-result>
          </results>
        </action>
      </actions>
    </step>
  </steps>
</workflow>

